---------- Date: 2016-09-22 07:06:24 ~ IP : 123.16.156.116 ----------
REQUEST URI : /admin/index.php?route=catalog/product&amp;token=93a0b587960474f70b965f9eb9d20dea
MOD DETAILS:
   modFile   : /home/wce/domains/wce.osdvn.com/public_html/vqmod/xml/osd.vn_extend_SEO.xml
   id        : Extend for SEO 1.3
   version   : 1.5.6.1
   vqmver    : 2.1.7
   author    : dungdo@osd.vn

File Name    : admin/model/catalog/product.php(0)
VQModObject::applyMod - SEARCH NOT FOUND (ABORTING MOD): $this->db->query("INSERT INTO " . DB_PREFIX . "product_description SET product_id = '" . (int)$product_id . "', language_id = '" . (int)$language_id . "', name = '" . $this->db->escape($value['name']) . "', meta_keyword = '" . $this->db->escape($value['meta_keyword']) . "', short_description = '" . $this->db->escape($value['short_description']) . "', meta_description = '" . $this->db->escape($value['meta_description']) . "', description = '" . $this->db->escape($value['description']) . "', tag = '" . $this->db->escape($value['tag']) . "'");

----------------------------------------------------------------------


---------- Date: 2016-09-22 09:26:51 ~ IP : 123.16.156.116 ----------
REQUEST URI : /dich-vu-hang-nhap.html
MOD DETAILS:
   modFile   : /home/wce/domains/wce.osdvn.com/public_html/vqmod/xml/osd.vn_extend_SEO.xml
   id        : Extend for SEO 1.3
   version   : 1.5.6.1
   vqmver    : 2.1.7
   author    : dungdo@osd.vn

File Name    : catalog/controller/product/product.php(0)
VQModObject::applyMod - SEARCH NOT FOUND (ABORTING MOD): $this->document->setTitle($product_info['name']);

----------------------------------------------------------------------


