---------- Date: 2016-09-24 01:41:20 ~ IP : 123.16.156.116 ----------
REQUEST URI : /chuyen-phat-nhanh-di-lao.html
MOD DETAILS:
   modFile   : /home/wce/domains/wce.osdvn.com/public_html/vqmod/xml/osd.vn_extend_SEO.xml
   id        : Extend for SEO 1.3
   version   : 1.5.6.1
   vqmver    : 2.1.7
   author    : dungdo@osd.vn

File Name    : catalog/controller/product/product.php(0)
VQModObject::applyMod - SEARCH NOT FOUND (ABORTING MOD): $this->document->setTitle($product_info['name']);

----------------------------------------------------------------------


---------- Date: 2016-09-24 02:27:13 ~ IP : 123.16.156.116 ----------
REQUEST URI : /admin/index.php?route=catalog/product&amp;token=0498f800360cb9d16734534f46edbc88
MOD DETAILS:
   modFile   : /home/wce/domains/wce.osdvn.com/public_html/vqmod/xml/osd.vn_extend_SEO.xml
   id        : Extend for SEO 1.3
   version   : 1.5.6.1
   vqmver    : 2.1.7
   author    : dungdo@osd.vn

File Name    : admin/model/catalog/product.php(0)
VQModObject::applyMod - SEARCH NOT FOUND (ABORTING MOD): $this->db->query("INSERT INTO " . DB_PREFIX . "product_description SET product_id = '" . (int)$product_id . "', language_id = '" . (int)$language_id . "', name = '" . $this->db->escape($value['name']) . "', meta_keyword = '" . $this->db->escape($value['meta_keyword']) . "', short_description = '" . $this->db->escape($value['short_description']) . "', meta_description = '" . $this->db->escape($value['meta_description']) . "', description = '" . $this->db->escape($value['description']) . "', tag = '" . $this->db->escape($value['tag']) . "'");

----------------------------------------------------------------------


---------- Date: 2016-09-24 05:46:51 ~ IP : 14.162.202.112 ----------
REQUEST URI : /admin/index.php?route=common/filemanager&amp;token=0498f800360cb9d16734534f46edbc88
MOD DETAILS:
   modFile   : /home/wce/domains/wce.osdvn.com/public_html/vqmod/xml/admin_tuning.xml
   id        : VQMOD CORE FOR OPENCART - DO NOT REMOVE
   version   : 1.5.x and 1.6.x
   vqmver    : 2.X
   author    : osd.vn

File Name    : admin/view/template/common/filemanager.tpl(10)
VQModObject::applyMod - SEARCH NOT FOUND (ABORTING MOD): height: 320px;

----------------------------------------------------------------------


